Using TensorFlow backend.
WARNING:tensorflow:Variable += will be deprecated. Use variable.assign_add if you want assignment to the variable value or 'x = x + y' if you want a new python Tensor object.
RUNNING THE L-BFGS-B CODE

           * * *

Machine precision = 2.220D-16
 N =       786432     M =           10

At X0         0 variables are exactly at the bounds

At iterate    0    f=  5.52076D+13    |proj g|=  8.34641D+07

At iterate    1    f=  4.15244D+13    |proj g|=  5.70688D+07

At iterate    2    f=  1.48856D+13    |proj g|=  1.71639D+07

At iterate    3    f=  1.01899D+13    |proj g|=  8.53822D+06

At iterate    4    f=  6.93310D+12    |proj g|=  6.27688D+06

At iterate    5    f=  4.20179D+12    |proj g|=  4.15618D+06

At iterate    6    f=  2.69254D+12    |proj g|=  5.07769D+06

At iterate    7    f=  1.88129D+12    |proj g|=  2.61164D+06

At iterate    8    f=  1.49660D+12    |proj g|=  1.60768D+06

At iterate    9    f=  1.09760D+12    |proj g|=  2.90220D+06

At iterate   10    f=  8.07907D+11    |proj g|=  1.17478D+06

At iterate   11    f=  7.14126D+11    |proj g|=  2.64984D+06

At iterate   12    f=  5.86755D+11    |proj g|=  1.13645D+06

At iterate   13    f=  5.13057D+11    |proj g|=  7.47778D+05

At iterate   14    f=  4.50289D+11    |proj g|=  1.64288D+06

At iterate   15    f=  3.79456D+11    |proj g|=  1.00685D+06

At iterate   16    f=  3.35223D+11    |proj g|=  1.22998D+06

At iterate   17    f=  3.00011D+11    |proj g|=  5.42413D+05

At iterate   18    f=  2.87940D+11    |proj g|=  6.26601D+05

At iterate   19    f=  2.74303D+11    |proj g|=  1.10939D+06

At iterate   20    f=  2.56470D+11    |proj g|=  4.24241D+05

At iterate   21    f=  2.40752D+11    |proj g|=  5.63813D+05

At iterate   22    f=  2.20239D+11    |proj g|=  3.26010D+05

At iterate   23    f=  2.10819D+11    |proj g|=  5.34303D+05

At iterate   24    f=  1.98395D+11    |proj g|=  4.73778D+05

At iterate   25    f=  1.91983D+11    |proj g|=  6.14069D+05

At iterate   26    f=  1.83606D+11    |proj g|=  3.17838D+05

At iterate   27    f=  1.77114D+11    |proj g|=  4.32850D+05

At iterate   28    f=  1.70495D+11    |proj g|=  2.77301D+05

At iterate   29    f=  1.64511D+11    |proj g|=  2.88323D+05

At iterate   30    f=  1.56897D+11    |proj g|=  3.01995D+05

At iterate   31    f=  1.51950D+11    |proj g|=  2.55209D+05

At iterate   32    f=  1.47345D+11    |proj g|=  2.08247D+05

At iterate   33    f=  1.43552D+11    |proj g|=  3.95114D+05

At iterate   34    f=  1.39922D+11    |proj g|=  3.20150D+05

At iterate   35    f=  1.36851D+11    |proj g|=  3.83629D+05

At iterate   36    f=  1.34630D+11    |proj g|=  2.15107D+05

At iterate   37    f=  1.31954D+11    |proj g|=  2.20332D+05

At iterate   38    f=  1.29854D+11    |proj g|=  1.62493D+05

At iterate   39    f=  1.26523D+11    |proj g|=  3.31823D+05

At iterate   40    f=  1.23488D+11    |proj g|=  2.75652D+05

At iterate   41    f=  1.20866D+11    |proj g|=  1.81293D+05

At iterate   42    f=  1.18888D+11    |proj g|=  2.97905D+05

At iterate   43    f=  1.16456D+11    |proj g|=  3.02562D+05

At iterate   44    f=  1.14104D+11    |proj g|=  1.95522D+05

At iterate   45    f=  1.12361D+11    |proj g|=  2.64347D+05

At iterate   46    f=  1.11034D+11    |proj g|=  1.75440D+05

At iterate   47    f=  1.08824D+11    |proj g|=  2.71043D+05

At iterate   48    f=  1.06906D+11    |proj g|=  2.02264D+05

At iterate   49    f=  1.04999D+11    |proj g|=  1.58695D+05

At iterate   50    f=  1.03164D+11    |proj g|=  2.29155D+05

At iterate   51    f=  1.01493D+11    |proj g|=  1.93606D+05

At iterate   52    f=  1.00124D+11    |proj g|=  2.55459D+05

At iterate   53    f=  9.86482D+10    |proj g|=  1.89577D+05

At iterate   54    f=  9.74426D+10    |proj g|=  1.42182D+05

At iterate   55    f=  9.61897D+10    |proj g|=  1.50285D+05

At iterate   56    f=  9.45135D+10    |proj g|=  2.11638D+05

At iterate   57    f=  9.32376D+10    |proj g|=  2.62795D+05

At iterate   58    f=  9.21946D+10    |proj g|=  1.04482D+05

At iterate   59    f=  9.16171D+10    |proj g|=  2.60916D+05

At iterate   60    f=  9.03983D+10    |proj g|=  1.29675D+05

At iterate   61    f=  8.91245D+10    |proj g|=  9.39763D+04

At iterate   62    f=  8.80692D+10    |proj g|=  2.66189D+05

At iterate   63    f=  8.70970D+10    |proj g|=  2.20868D+05

At iterate   64    f=  8.63874D+10    |proj g|=  1.62256D+05

At iterate   65    f=  8.54800D+10    |proj g|=  1.48014D+05

At iterate   66    f=  8.48766D+10    |proj g|=  1.38505D+05

At iterate   67    f=  8.39268D+10    |proj g|=  1.20779D+05

At iterate   68    f=  8.31718D+10    |proj g|=  1.33561D+05

At iterate   69    f=  8.24206D+10    |proj g|=  1.44486D+05

At iterate   70    f=  8.16565D+10    |proj g|=  2.04221D+05

At iterate   71    f=  8.07177D+10    |proj g|=  1.54113D+05

At iterate   72    f=  8.01780D+10    |proj g|=  1.19627D+05

At iterate   73    f=  7.95470D+10    |proj g|=  2.15380D+05

At iterate   74    f=  7.88027D+10    |proj g|=  1.29275D+05

At iterate   75    f=  7.78813D+10    |proj g|=  1.19199D+05

At iterate   76    f=  7.72683D+10    |proj g|=  1.34832D+05

At iterate   77    f=  7.65615D+10    |proj g|=  1.51103D+05

At iterate   78    f=  7.59612D+10    |proj g|=  1.37321D+05

At iterate   79    f=  7.55891D+10    |proj g|=  1.20214D+05

At iterate   80    f=  7.48626D+10    |proj g|=  1.31321D+05

At iterate   81    f=  7.44047D+10    |proj g|=  1.10648D+05

At iterate   82    f=  7.38219D+10    |proj g|=  9.28955D+04

At iterate   83    f=  7.31327D+10    |proj g|=  9.17667D+04

At iterate   84    f=  7.26914D+10    |proj g|=  2.17812D+05

At iterate   85    f=  7.19448D+10    |proj g|=  9.25459D+04

At iterate   86    f=  7.16913D+10    |proj g|=  1.37197D+05

At iterate   87    f=  7.13016D+10    |proj g|=  1.08972D+05

At iterate   88    f=  7.07833D+10    |proj g|=  8.83191D+04

At iterate   89    f=  7.02449D+10    |proj g|=  9.65696D+04

At iterate   90    f=  6.94703D+10    |proj g|=  2.01447D+05

At iterate   91    f=  6.89273D+10    |proj g|=  1.45910D+05

At iterate   92    f=  6.84582D+10    |proj g|=  1.81490D+05

At iterate   93    f=  6.82215D+10    |proj g|=  2.32575D+05

At iterate   94    f=  6.78724D+10    |proj g|=  1.68277D+05

At iterate   95    f=  6.73854D+10    |proj g|=  7.28838D+04

At iterate   96    f=  6.70054D+10    |proj g|=  1.02484D+05

At iterate   97    f=  6.65322D+10    |proj g|=  1.18021D+05

At iterate   98    f=  6.61464D+10    |proj g|=  2.46348D+05

At iterate   99    f=  6.55763D+10    |proj g|=  7.71230D+04

At iterate  100    f=  6.54370D+10    |proj g|=  1.14916D+05

At iterate  101    f=  6.50971D+10    |proj g|=  8.18356D+04

At iterate  102    f=  6.46659D+10    |proj g|=  9.26113D+04

At iterate  103    f=  6.42880D+10    |proj g|=  1.15009D+05

At iterate  104    f=  6.39043D+10    |proj g|=  9.48779D+04

At iterate  105    f=  6.35638D+10    |proj g|=  8.13023D+04

At iterate  106    f=  6.32795D+10    |proj g|=  1.05219D+05

At iterate  107    f=  6.29553D+10    |proj g|=  9.30281D+04

At iterate  108    f=  6.26502D+10    |proj g|=  1.33917D+05

At iterate  109    f=  6.23425D+10    |proj g|=  7.92218D+04

At iterate  110    f=  6.20501D+10    |proj g|=  9.02952D+04

At iterate  111    f=  6.17460D+10    |proj g|=  1.15955D+05

At iterate  112    f=  6.13985D+10    |proj g|=  6.55439D+04

At iterate  113    f=  6.11096D+10    |proj g|=  8.51739D+04

At iterate  114    f=  6.08366D+10    |proj g|=  1.07521D+05

At iterate  115    f=  6.07486D+10    |proj g|=  1.36241D+05

At iterate  116    f=  6.03161D+10    |proj g|=  8.05511D+04

At iterate  117    f=  6.01261D+10    |proj g|=  6.55069D+04

At iterate  118    f=  5.98546D+10    |proj g|=  7.45674D+04

At iterate  119    f=  5.96586D+10    |proj g|=  1.39084D+05

At iterate  120    f=  5.93591D+10    |proj g|=  6.64569D+04

At iterate  121    f=  5.91555D+10    |proj g|=  7.27092D+04

At iterate  122    f=  5.89384D+10    |proj g|=  6.74538D+04

At iterate  123    f=  5.87361D+10    |proj g|=  1.33388D+05

At iterate  124    f=  5.84665D+10    |proj g|=  1.00292D+05

At iterate  125    f=  5.82082D+10    |proj g|=  7.29628D+04

At iterate  126    f=  5.80228D+10    |proj g|=  6.40305D+04

At iterate  127    f=  5.77721D+10    |proj g|=  6.45107D+04

At iterate  128    f=  5.76131D+10    |proj g|=  1.34231D+05

At iterate  129    f=  5.73133D+10    |proj g|=  7.55651D+04

At iterate  130    f=  5.71760D+10    |proj g|=  7.50802D+04

At iterate  131    f=  5.69481D+10    |proj g|=  5.77096D+04

At iterate  132    f=  5.67310D+10    |proj g|=  1.07038D+05

At iterate  133    f=  5.63989D+10    |proj g|=  1.12379D+05

At iterate  134    f=  5.62222D+10    |proj g|=  5.33911D+04

At iterate  135    f=  5.60542D+10    |proj g|=  6.18636D+04

At iterate  136    f=  5.58530D+10    |proj g|=  7.58613D+04

At iterate  137    f=  5.56456D+10    |proj g|=  1.32965D+05

At iterate  138    f=  5.54506D+10    |proj g|=  8.68389D+04

At iterate  139    f=  5.52777D+10    |proj g|=  7.45309D+04

At iterate  140    f=  5.51319D+10    |proj g|=  8.18490D+04

At iterate  141    f=  5.49303D+10    |proj g|=  6.76733D+04

At iterate  142    f=  5.47588D+10    |proj g|=  6.65198D+04

At iterate  143    f=  5.45857D+10    |proj g|=  5.44381D+04

At iterate  144    f=  5.43793D+10    |proj g|=  9.96884D+04

At iterate  145    f=  5.41792D+10    |proj g|=  6.79429D+04

At iterate  146    f=  5.40278D+10    |proj g|=  7.93261D+04

At iterate  147    f=  5.39226D+10    |proj g|=  1.20903D+05

At iterate  148    f=  5.37510D+10    |proj g|=  6.36819D+04

At iterate  149    f=  5.36488D+10    |proj g|=  5.27278D+04

At iterate  150    f=  5.34344D+10    |proj g|=  4.01943D+04

At iterate  151    f=  5.32691D+10    |proj g|=  1.02949D+05

At iterate  152    f=  5.30691D+10    |proj g|=  5.84343D+04

At iterate  153    f=  5.28771D+10    |proj g|=  4.91134D+04

At iterate  154    f=  5.27314D+10    |proj g|=  5.97988D+04

At iterate  155    f=  5.26216D+10    |proj g|=  6.71787D+04

At iterate  156    f=  5.24804D+10    |proj g|=  8.74353D+04

At iterate  157    f=  5.23600D+10    |proj g|=  4.93593D+04

At iterate  158    f=  5.22623D+10    |proj g|=  4.80958D+04

At iterate  159    f=  5.21324D+10    |proj g|=  5.23621D+04

At iterate  160    f=  5.19488D+10    |proj g|=  8.34174D+04

At iterate  161    f=  5.17892D+10    |proj g|=  6.16721D+04

At iterate  162    f=  5.16727D+10    |proj g|=  6.16466D+04

At iterate  163    f=  5.15598D+10    |proj g|=  9.68260D+04

At iterate  164    f=  5.14263D+10    |proj g|=  6.24080D+04

At iterate  165    f=  5.12763D+10    |proj g|=  6.76056D+04

At iterate  166    f=  5.11474D+10    |proj g|=  7.34342D+04

At iterate  167    f=  5.10344D+10    |proj g|=  6.62664D+04

At iterate  168    f=  5.09235D+10    |proj g|=  4.86757D+04

At iterate  169    f=  5.07851D+10    |proj g|=  7.31331D+04

At iterate  170    f=  5.06826D+10    |proj g|=  5.88224D+04

At iterate  171    f=  5.05921D+10    |proj g|=  8.18105D+04

At iterate  172    f=  5.04413D+10    |proj g|=  4.71428D+04

At iterate  173    f=  5.03385D+10    |proj g|=  5.84918D+04

At iterate  174    f=  5.01908D+10    |proj g|=  8.14489D+04

At iterate  175    f=  5.00861D+10    |proj g|=  8.33949D+04

At iterate  176    f=  4.99920D+10    |proj g|=  4.94070D+04

At iterate  177    f=  4.98817D+10    |proj g|=  5.43317D+04

At iterate  178    f=  4.98111D+10    |proj g|=  6.31306D+04

At iterate  179    f=  4.96872D+10    |proj g|=  4.18228D+04

At iterate  180    f=  4.95809D+10    |proj g|=  6.96593D+04

At iterate  181    f=  4.94911D+10    |proj g|=  6.06410D+04

At iterate  182    f=  4.93719D+10    |proj g|=  7.51939D+04

At iterate  183    f=  4.92349D+10    |proj g|=  6.89467D+04

At iterate  184    f=  4.91298D+10    |proj g|=  5.55926D+04

At iterate  185    f=  4.90561D+10    |proj g|=  6.92183D+04

At iterate  186    f=  4.89287D+10    |proj g|=  7.27214D+04

At iterate  187    f=  4.88334D+10    |proj g|=  9.00163D+04

At iterate  188    f=  4.87694D+10    |proj g|=  8.31920D+04

At iterate  189    f=  4.86561D+10    |proj g|=  7.49181D+04

At iterate  190    f=  4.85959D+10    |proj g|=  6.07928D+04

At iterate  191    f=  4.84624D+10    |proj g|=  5.72381D+04

At iterate  192    f=  4.83789D+10    |proj g|=  6.79598D+04

At iterate  193    f=  4.82958D+10    |proj g|=  5.15834D+04

At iterate  194    f=  4.81711D+10    |proj g|=  4.14781D+04

At iterate  195    f=  4.81402D+10    |proj g|=  8.05768D+04

At iterate  196    f=  4.80260D+10    |proj g|=  5.58297D+04

At iterate  197    f=  4.79534D+10    |proj g|=  4.78977D+04

At iterate  198    f=  4.78831D+10    |proj g|=  4.20704D+04

At iterate  199    f=  4.77427D+10    |proj g|=  4.27248D+04

At iterate  200    f=  4.76812D+10    |proj g|=  8.62067D+04

At iterate  201    f=  4.75872D+10    |proj g|=  4.58329D+04

At iterate  202    f=  4.75091D+10    |proj g|=  5.65023D+04

At iterate  203    f=  4.74496D+10    |proj g|=  7.18932D+04

At iterate  204    f=  4.73440D+10    |proj g|=  5.69050D+04

At iterate  205    f=  4.72416D+10    |proj g|=  4.25457D+04

At iterate  206    f=  4.71713D+10    |proj g|=  6.75194D+04

At iterate  207    f=  4.70963D+10    |proj g|=  5.71667D+04

At iterate  208    f=  4.69979D+10    |proj g|=  4.51131D+04

At iterate  209    f=  4.68778D+10    |proj g|=  3.64007D+04

At iterate  210    f=  4.68267D+10    |proj g|=  6.42385D+04

At iterate  211    f=  4.67476D+10    |proj g|=  4.23242D+04

At iterate  212    f=  4.66723D+10    |proj g|=  4.00181D+04

At iterate  213    f=  4.66185D+10    |proj g|=  4.29375D+04

At iterate  214    f=  4.65384D+10    |proj g|=  5.70366D+04

At iterate  215    f=  4.64436D+10    |proj g|=  4.49604D+04

At iterate  216    f=  4.63606D+10    |proj g|=  4.91415D+04

At iterate  217    f=  4.62843D+10    |proj g|=  4.88480D+04

At iterate  218    f=  4.62375D+10    |proj g|=  1.15188D+05

At iterate  219    f=  4.61095D+10    |proj g|=  8.87357D+04

At iterate  220    f=  4.60610D+10    |proj g|=  5.53547D+04

At iterate  221    f=  4.60056D+10    |proj g|=  4.84181D+04

At iterate  222    f=  4.59285D+10    |proj g|=  5.22457D+04

At iterate  223    f=  4.58658D+10    |proj g|=  5.95713D+04

At iterate  224    f=  4.57997D+10    |proj g|=  4.44625D+04

At iterate  225    f=  4.57208D+10    |proj g|=  4.05089D+04

At iterate  226    f=  4.56633D+10    |proj g|=  4.99028D+04

At iterate  227    f=  4.55996D+10    |proj g|=  6.90160D+04

At iterate  228    f=  4.54989D+10    |proj g|=  4.45132D+04

At iterate  229    f=  4.54451D+10    |proj g|=  3.33356D+04

At iterate  230    f=  4.53835D+10    |proj g|=  4.19352D+04

At iterate  231    f=  4.53112D+10    |proj g|=  4.12694D+04

At iterate  232    f=  4.52543D+10    |proj g|=  6.53949D+04

At iterate  233    f=  4.51713D+10    |proj g|=  2.80317D+04

At iterate  234    f=  4.51207D+10    |proj g|=  3.38107D+04

At iterate  235    f=  4.50506D+10    |proj g|=  4.52283D+04

At iterate  236    f=  4.49831D+10    |proj g|=  6.60664D+04

At iterate  237    f=  4.49207D+10    |proj g|=  3.27101D+04

At iterate  238    f=  4.48653D+10    |proj g|=  2.89298D+04

At iterate  239    f=  4.48198D+10    |proj g|=  3.61902D+04

At iterate  240    f=  4.47537D+10    |proj g|=  5.84482D+04

At iterate  241    f=  4.46800D+10    |proj g|=  4.38197D+04

At iterate  242    f=  4.46152D+10    |proj g|=  5.31177D+04

At iterate  243    f=  4.45565D+10    |proj g|=  5.44859D+04

At iterate  244    f=  4.45022D+10    |proj g|=  5.23515D+04

At iterate  245    f=  4.44233D+10    |proj g|=  5.90804D+04

At iterate  246    f=  4.43611D+10    |proj g|=  4.32394D+04

At iterate  247    f=  4.43115D+10    |proj g|=  4.14906D+04

At iterate  248    f=  4.42505D+10    |proj g|=  3.79329D+04

At iterate  249    f=  4.41993D+10    |proj g|=  3.65199D+04

At iterate  250    f=  4.41236D+10    |proj g|=  4.70697D+04

At iterate  251    f=  4.40626D+10    |proj g|=  6.49489D+04

At iterate  252    f=  4.40187D+10    |proj g|=  4.92799D+04

At iterate  253    f=  4.39414D+10    |proj g|=  3.39499D+04

At iterate  254    f=  4.38945D+10    |proj g|=  4.61981D+04

At iterate  255    f=  4.38243D+10    |proj g|=  3.96885D+04

At iterate  256    f=  4.37859D+10    |proj g|=  6.50918D+04

At iterate  257    f=  4.37267D+10    |proj g|=  4.46967D+04

At iterate  258    f=  4.36862D+10    |proj g|=  3.44060D+04

At iterate  259    f=  4.36345D+10    |proj g|=  4.05804D+04

At iterate  260    f=  4.35893D+10    |proj g|=  8.20154D+04

At iterate  261    f=  4.35109D+10    |proj g|=  4.82443D+04

At iterate  262    f=  4.34639D+10    |proj g|=  3.21751D+04

At iterate  263    f=  4.34126D+10    |proj g|=  3.47371D+04

At iterate  264    f=  4.33747D+10    |proj g|=  8.25721D+04

At iterate  265    f=  4.33061D+10    |proj g|=  6.09458D+04

At iterate  266    f=  4.32710D+10    |proj g|=  3.56992D+04

At iterate  267    f=  4.32338D+10    |proj g|=  3.82537D+04

At iterate  268    f=  4.31852D+10    |proj g|=  3.06099D+04

At iterate  269    f=  4.31199D+10    |proj g|=  6.07781D+04

At iterate  270    f=  4.30665D+10    |proj g|=  4.93378D+04

At iterate  271    f=  4.30363D+10    |proj g|=  3.52801D+04

At iterate  272    f=  4.29741D+10    |proj g|=  5.04136D+04

At iterate  273    f=  4.29232D+10    |proj g|=  4.18009D+04

At iterate  274    f=  4.28616D+10    |proj g|=  5.51395D+04

At iterate  275    f=  4.28046D+10    |proj g|=  3.82852D+04

At iterate  276    f=  4.27640D+10    |proj g|=  4.28012D+04

At iterate  277    f=  4.27138D+10    |proj g|=  5.61503D+04

At iterate  278    f=  4.26734D+10    |proj g|=  5.13886D+04

At iterate  279    f=  4.26343D+10    |proj g|=  3.73682D+04

At iterate  280    f=  4.25925D+10    |proj g|=  4.01218D+04

At iterate  281    f=  4.25486D+10    |proj g|=  4.81273D+04

At iterate  282    f=  4.24786D+10    |proj g|=  4.37596D+04

At iterate  283    f=  4.24217D+10    |proj g|=  4.50758D+04

At iterate  284    f=  4.23746D+10    |proj g|=  3.36649D+04

At iterate  285    f=  4.23402D+10    |proj g|=  3.92945D+04

At iterate  286    f=  4.22979D+10    |proj g|=  5.14778D+04

At iterate  287    f=  4.22669D+10    |proj g|=  6.12551D+04

At iterate  288    f=  4.22109D+10    |proj g|=  3.30064D+04

At iterate  289    f=  4.21775D+10    |proj g|=  2.80374D+04

At iterate  290    f=  4.21388D+10    |proj g|=  3.61636D+04

At iterate  291    f=  4.20915D+10    |proj g|=  3.97851D+04

At iterate  292    f=  4.20422D+10    |proj g|=  2.66597D+04

At iterate  293    f=  4.19994D+10    |proj g|=  4.46840D+04

At iterate  294    f=  4.19660D+10    |proj g|=  3.02568D+04

At iterate  295    f=  4.19274D+10    |proj g|=  2.71388D+04

At iterate  296    f=  4.18731D+10    |proj g|=  5.85768D+04

At iterate  297    f=  4.18467D+10    |proj g|=  5.37143D+04

At iterate  298    f=  4.18196D+10    |proj g|=  4.05389D+04

At iterate  299    f=  4.17829D+10    |proj g|=  2.90290D+04

At iterate  300    f=  4.17446D+10    |proj g|=  3.64960D+04

At iterate  301    f=  4.16916D+10    |proj g|=  3.61456D+04

At iterate  302    f=  4.16465D+10    |proj g|=  4.73620D+04

At iterate  303    f=  4.16083D+10    |proj g|=  3.79102D+04

At iterate  304    f=  4.15680D+10    |proj g|=  4.66247D+04

At iterate  305    f=  4.15319D+10    |proj g|=  3.67288D+04

At iterate  306    f=  4.14953D+10    |proj g|=  3.24743D+04

At iterate  307    f=  4.14634D+10    |proj g|=  2.81531D+04

At iterate  308    f=  4.14107D+10    |proj g|=  6.60305D+04

At iterate  309    f=  4.13626D+10    |proj g|=  4.63109D+04

At iterate  310    f=  4.13327D+10    |proj g|=  3.20193D+04

At iterate  311    f=  4.12835D+10    |proj g|=  3.07905D+04

At iterate  312    f=  4.12584D+10    |proj g|=  6.57790D+04

At iterate  313    f=  4.12187D+10    |proj g|=  3.80719D+04

At iterate  314    f=  4.11820D+10    |proj g|=  3.22143D+04

At iterate  315    f=  4.11587D+10    |proj g|=  3.17484D+04

At iterate  316    f=  4.11087D+10    |proj g|=  3.69527D+04

At iterate  317    f=  4.11000D+10    |proj g|=  6.62663D+04

At iterate  318    f=  4.10349D+10    |proj g|=  3.45409D+04

At iterate  319    f=  4.10145D+10    |proj g|=  2.66107D+04

At iterate  320    f=  4.09815D+10    |proj g|=  2.48715D+04

At iterate  321    f=  4.09416D+10    |proj g|=  4.55411D+04

At iterate  322    f=  4.08998D+10    |proj g|=  3.39157D+04

At iterate  323    f=  4.08705D+10    |proj g|=  2.34126D+04

At iterate  324    f=  4.08299D+10    |proj g|=  2.50917D+04

At iterate  325    f=  4.07984D+10    |proj g|=  4.24419D+04

At iterate  326    f=  4.07578D+10    |proj g|=  3.26024D+04

At iterate  327    f=  4.07250D+10    |proj g|=  3.22431D+04

At iterate  328    f=  4.06943D+10    |proj g|=  3.60018D+04

At iterate  329    f=  4.06641D+10    |proj g|=  2.77892D+04

At iterate  330    f=  4.06285D+10    |proj g|=  3.14216D+04

At iterate  331    f=  4.05893D+10    |proj g|=  2.42387D+04

At iterate  332    f=  4.05610D+10    |proj g|=  4.36898D+04

At iterate  333    f=  4.05281D+10    |proj g|=  3.52378D+04

At iterate  334    f=  4.04970D+10    |proj g|=  2.80143D+04

At iterate  335    f=  4.04730D+10    |proj g|=  3.40857D+04

At iterate  336    f=  4.04378D+10    |proj g|=  2.56679D+04

At iterate  337    f=  4.03903D+10    |proj g|=  3.91676D+04

At iterate  338    f=  4.03632D+10    |proj g|=  4.25471D+04

At iterate  339    f=  4.03381D+10    |proj g|=  2.87180D+04

At iterate  340    f=  4.03068D+10    |proj g|=  3.15736D+04

At iterate  341    f=  4.02780D+10    |proj g|=  3.16308D+04

At iterate  342    f=  4.02564D+10    |proj g|=  5.73283D+04

At iterate  343    f=  4.02078D+10    |proj g|=  2.33971D+04

At iterate  344    f=  4.01895D+10    |proj g|=  2.38121D+04

At iterate  345    f=  4.01626D+10    |proj g|=  3.75345D+04

At iterate  346    f=  4.01391D+10    |proj g|=  5.52210D+04

At iterate  347    f=  4.01054D+10    |proj g|=  3.68517D+04

At iterate  348    f=  4.00740D+10    |proj g|=  2.79772D+04

At iterate  349    f=  4.00500D+10    |proj g|=  4.29701D+04

At iterate  350    f=  4.00081D+10    |proj g|=  3.91127D+04

At iterate  351    f=  3.99802D+10    |proj g|=  6.76745D+04

At iterate  352    f=  3.99477D+10    |proj g|=  2.82465D+04

At iterate  353    f=  3.99226D+10    |proj g|=  2.41203D+04

At iterate  354    f=  3.98960D+10    |proj g|=  3.62194D+04

At iterate  355    f=  3.98761D+10    |proj g|=  4.98013D+04

At iterate  356    f=  3.98398D+10    |proj g|=  4.82493D+04

At iterate  357    f=  3.98132D+10    |proj g|=  4.38438D+04

At iterate  358    f=  3.97834D+10    |proj g|=  3.31801D+04

At iterate  359    f=  3.97559D+10    |proj g|=  4.31914D+04

At iterate  360    f=  3.97220D+10    |proj g|=  2.75765D+04

At iterate  361    f=  3.96971D+10    |proj g|=  3.71278D+04

At iterate  362    f=  3.96722D+10    |proj g|=  3.68071D+04

At iterate  363    f=  3.96444D+10    |proj g|=  2.97497D+04

At iterate  364    f=  3.96154D+10    |proj g|=  5.00495D+04

At iterate  365    f=  3.95842D+10    |proj g|=  2.97906D+04

At iterate  366    f=  3.95523D+10    |proj g|=  3.78245D+04

At iterate  367    f=  3.95285D+10    |proj g|=  4.70442D+04

At iterate  368    f=  3.95081D+10    |proj g|=  2.88555D+04

At iterate  369    f=  3.94715D+10    |proj g|=  2.74565D+04

At iterate  370    f=  3.94533D+10    |proj g|=  4.12573D+04

At iterate  371    f=  3.94316D+10    |proj g|=  4.90414D+04

At iterate  372    f=  3.93958D+10    |proj g|=  2.93477D+04

At iterate  373    f=  3.93735D+10    |proj g|=  4.68227D+04

At iterate  374    f=  3.93474D+10    |proj g|=  2.78657D+04

At iterate  375    f=  3.93158D+10    |proj g|=  2.83939D+04

At iterate  376    f=  3.92972D+10    |proj g|=  3.04389D+04

At iterate  377    f=  3.92679D+10    |proj g|=  2.82316D+04

At iterate  378    f=  3.92432D+10    |proj g|=  5.76703D+04

At iterate  379    f=  3.92108D+10    |proj g|=  2.30011D+04

At iterate  380    f=  3.91928D+10    |proj g|=  2.34081D+04

At iterate  381    f=  3.91726D+10    |proj g|=  2.41546D+04

At iterate  382    f=  3.91425D+10    |proj g|=  4.02235D+04

At iterate  383    f=  3.91139D+10    |proj g|=  3.16073D+04

At iterate  384    f=  3.90941D+10    |proj g|=  2.36126D+04

At iterate  385    f=  3.90695D+10    |proj g|=  2.01919D+04

At iterate  386    f=  3.90453D+10    |proj g|=  2.57185D+04

At iterate  387    f=  3.90181D+10    |proj g|=  2.83247D+04

At iterate  388    f=  3.89965D+10    |proj g|=  3.66156D+04

At iterate  389    f=  3.89716D+10    |proj g|=  3.13646D+04

At iterate  390    f=  3.89484D+10    |proj g|=  2.77897D+04

At iterate  391    f=  3.89186D+10    |proj g|=  2.69116D+04

At iterate  392    f=  3.88975D+10    |proj g|=  4.24931D+04

At iterate  393    f=  3.88738D+10    |proj g|=  2.16120D+04

At iterate  394    f=  3.88504D+10    |proj g|=  1.92305D+04

At iterate  395    f=  3.88286D+10    |proj g|=  2.94541D+04

At iterate  396    f=  3.88076D+10    |proj g|=  5.20544D+04

At iterate  397    f=  3.87807D+10    |proj g|=  2.45002D+04

At iterate  398    f=  3.87711D+10    |proj g|=  3.80455D+04
